<?xml version="1.0" encoding="UTF-8"?>
<instance>
  <meta name="lala" value="pipo"/>
  <meta name="created" value="19/06/2009"/>
  <meta name="status" value="timeout"/>

  <foo>1</foo>
  <bar>xxxx</bar>
  
</instance>
